2025/11/23 02:18:41 [notice] 1#1: using the "epoll" event method
2025/11/23 02:18:41 [notice] 1#1: nginx/1.29.3
2025/11/23 02:18:41 [notice] 1#1: built by gcc 14.2.0 (Debian 14.2.0-19) 
2025/11/23 02:18:41 [notice] 1#1: OS: Linux 6.10.14-linuxkit
2025/11/23 02:18:41 [notice] 1#1: getrlimit(RLIMIT_NOFILE): 1048576:1048576
2025/11/23 02:18:41 [notice] 1#1: start worker processes
2025/11/23 02:18:41 [notice] 1#1: start worker process 20
2025/11/23 02:18:41 [notice] 1#1: start worker process 21
2025/11/23 02:18:41 [notice] 1#1: start worker process 22
2025/11/23 02:18:41 [notice] 1#1: start worker process 23
2025/11/23 02:18:41 [notice] 1#1: start worker process 24
2025/11/23 02:18:41 [notice] 1#1: start worker process 25
2025/11/23 02:18:41 [notice] 1#1: start worker process 26
2025/11/23 02:18:41 [notice] 1#1: start worker process 27
2025/11/23 02:18:41 [notice] 1#1: start worker process 28
2025/11/23 02:18:41 [notice] 1#1: start worker process 29
2025/11/23 02:18:41 [notice] 1#1: start worker process 30
2025/11/23 02:18:41 [notice] 1#1: start worker process 31
2025/11/23 02:19:02 [error] 20#20: *1 connect() failed (113: No route to host) while connecting to upstream, client: 172.21.0.1, server: , request: "GET / HTTP/1.1", upstream: "http://172.21.0.4:8080/", host: "127.0.0.1:8443"
2025/11/23 02:20:45 [error] 21#21: *3 connect() failed (113: No route to host) while connecting to upstream, client: 172.21.0.1, server: , request: "GET / HTTP/1.1", upstream: "http://172.21.0.4:8080/", host: "127.0.0.1:8443"
2025/11/23 02:24:26 [notice] 1#1: signal 3 (SIGQUIT) received, shutting down
2025/11/23 02:24:26 [notice] 22#22: gracefully shutting down
2025/11/23 02:24:26 [notice] 21#21: gracefully shutting down
2025/11/23 02:24:26 [notice] 25#25: gracefully shutting down
2025/11/23 02:24:26 [notice] 26#26: gracefully shutting down
2025/11/23 02:24:26 [notice] 26#26: exiting
2025/11/23 02:24:26 [notice] 29#29: gracefully shutting down
2025/11/23 02:24:26 [notice] 26#26: exit
2025/11/23 02:24:26 [notice] 30#30: gracefully shutting down
2025/11/23 02:24:26 [notice] 30#30: exiting
2025/11/23 02:24:26 [notice] 28#28: gracefully shutting down
2025/11/23 02:24:26 [notice] 28#28: exiting
2025/11/23 02:24:26 [notice] 31#31: gracefully shutting down
2025/11/23 02:24:26 [notice] 31#31: exiting
2025/11/23 02:24:26 [notice] 27#27: gracefully shutting down
2025/11/23 02:24:26 [notice] 23#23: gracefully shutting down
2025/11/23 02:24:26 [notice] 20#20: gracefully shutting down
2025/11/23 02:24:26 [notice] 24#24: gracefully shutting down
2025/11/23 02:24:26 [notice] 22#22: exiting
2025/11/23 02:24:26 [notice] 21#21: exiting
2025/11/23 02:24:26 [notice] 25#25: exiting
2025/11/23 02:24:26 [notice] 29#29: exiting
2025/11/23 02:24:26 [notice] 30#30: exit
2025/11/23 02:24:26 [notice] 28#28: exit
2025/11/23 02:24:26 [notice] 31#31: exit
2025/11/23 02:24:26 [notice] 27#27: exiting
2025/11/23 02:24:26 [notice] 23#23: exiting
2025/11/23 02:24:26 [notice] 23#23: exit
2025/11/23 02:24:26 [notice] 20#20: exiting
2025/11/23 02:24:26 [notice] 24#24: exiting
2025/11/23 02:24:26 [notice] 22#22: exit
2025/11/23 02:24:26 [notice] 21#21: exit
2025/11/23 02:24:26 [notice] 25#25: exit
2025/11/23 02:24:26 [notice] 29#29: exit
2025/11/23 02:24:26 [notice] 27#27: exit
2025/11/23 02:24:26 [notice] 20#20: exit
2025/11/23 02:24:26 [notice] 24#24: exit
2025/11/23 02:24:26 [notice] 1#1: signal 17 (SIGCHLD) received from 31
2025/11/23 02:24:26 [notice] 1#1: worker process 20 exited with code 0
2025/11/23 02:24:26 [notice] 1#1: worker process 31 exited with code 0
2025/11/23 02:24:26 [notice] 1#1: signal 29 (SIGIO) received
2025/11/23 02:24:26 [notice] 1#1: signal 17 (SIGCHLD) received from 20
2025/11/23 02:24:26 [notice] 1#1: signal 17 (SIGCHLD) received from 28
2025/11/23 02:24:26 [notice] 1#1: worker process 22 exited with code 0
2025/11/23 02:24:26 [notice] 1#1: worker process 23 exited with code 0
2025/11/23 02:24:26 [notice] 1#1: worker process 25 exited with code 0
2025/11/23 02:24:26 [notice] 1#1: worker process 26 exited with code 0
2025/11/23 02:24:26 [notice] 1#1: worker process 27 exited with code 0
2025/11/23 02:24:26 [notice] 1#1: worker process 28 exited with code 0
2025/11/23 02:24:26 [notice] 1#1: worker process 29 exited with code 0
2025/11/23 02:24:26 [notice] 1#1: worker process 30 exited with code 0
2025/11/23 02:24:26 [notice] 1#1: signal 29 (SIGIO) received
2025/11/23 02:24:26 [notice] 1#1: signal 17 (SIGCHLD) received from 22
2025/11/23 02:24:26 [notice] 1#1: signal 17 (SIGCHLD) received from 21
2025/11/23 02:24:26 [notice] 1#1: worker process 21 exited with code 0
2025/11/23 02:24:26 [notice] 1#1: worker process 24 exited with code 0
2025/11/23 02:24:26 [notice] 1#1: exit
